<?xml version="1.0" encoding="UTF-8"?>
<!-- Generated by org.testng.reporters.JUnitReportReporter -->
<testsuite hostname="DESKTOP-7R1I6G8" failures="0" tests="1" name="example.NewTest" time="20.429" errors="0" timestamp="09 Jan 2021 10:10:57 GMT" skipped="0">
  <testcase classname="example.NewTest" name="testEasy" time="20.429"/>
</testsuite> <!-- example.NewTest -->
