<?xml version="1.0" encoding="UTF-8"?>
<!-- Generated by org.testng.reporters.JUnitReportReporter -->
<testsuite hostname="DESKTOP-T76QFB8" failures="0" tests="1" name="example.NewTest" time="7.147" errors="0" timestamp="30 Oct 2022 17:53:49 GMT" skipped="0">
  <testcase classname="example.NewTest" name="testEasy" time="7.147"/>
</testsuite> <!-- example.NewTest -->
